[2m17:25:23[22m [31m[1m[vite][22m[39m [31mInternal server error: C:\Users\Paulo Prado\Downloads\Compressed\ecossistema\src\App.tsx: Unexpected token (845:8)

[0m [90m 843 |[31m         [33m<[31m[33mRoute[31m path[33m=[31m[32m"/"[31m element[33m=[31m{[33m<[31m[33mMitosisVisualization[31m [35m/>} /[31m[33m>[31m
 [90m 844 |[31m         [33m<[31m[33mRoute[31m
[31m[1m>[22m[31m[90m 845 |[31m         [33m<[31m[33mRoute[31m path[33m=[31m[32m"/consult/"[31m element[33m=[31m{[33m<[31m[33mConsultoriaPage[31m [35m/>} /[31m[33m>[31m
 [90m     |[31m         [31m[1m^[22m[31m
 [90m 846 |[31m         [33m<[31m[33mRoute[31m path[33m=[31m[32m"/gi-engenharia/"[31m element[33m=[31m{[33m<[31m[33mGIEngenhariaPage[31m [35m/>} /[31m[33m>[31m
 [90m 847 |[31m         [33m<[31m[33mRoute[31m path[33m=[31m[32m"/telerad/"[31m element[33m=[31m{[33m<[31m[33mTeleradPage[31m [35m/>} /[31m[33m>[31m
 [90m 848 |[31m         [0m[39m
  Plugin: [35mvite:react-babel[39m
  File: [36mC:/Users/Paulo Prado/Downloads/Compressed/ecossistema/src/App.tsx[39m:845:8
[33m  843|          <Route path="/" element={<MitosisVisualization />} />
  844|          <Route
  845|          <Route path="/consult/" element={<ConsultoriaPage />} />
     |          ^
  846|          <Route path="/gi-engenharia/" element={<GIEngenhariaPage />} />
  847|          <Route path="/telerad/" element={<TeleradPage />} />[39m
      at constructor (C:\Users\Paulo Prado\Downloads\Compressed\ecossistema\node_modules\@babel\parser\lib\index.js:365:19)
      at TypeScriptParserMixin.raise (C:\Users\Paulo Prado\Downloads\Compressed\ecossistema\node_modules\@babel\parser\lib\index.js:6599:19)
      at TypeScriptParserMixin.unexpected (C:\Users\Paulo Prado\Downloads\Compressed\ecossistema\node_modules\@babel\parser\lib\index.js:6619:16)
      at TypeScriptParserMixin.jsxParseIdentifier (C:\Users\Paulo Prado\Downloads\Compressed\ecossistema\node_modules\@babel\parser\lib\index.js:4569:12)
      at TypeScriptParserMixin.jsxParseNamespacedName (C:\Users\Paulo Prado\Downloads\Compressed\ecossistema\node_modules\@babel\parser\lib\index.js:4576:23)
      at TypeScriptParserMixin.jsxParseAttribute (C:\Users\Paulo Prado\Downloads\Compressed\ecossistema\node_modules\@babel\parser\lib\index.js:4652:22)
      at TypeScriptParserMixin.jsxParseOpeningElementAfterName (C:\Users\Paulo Prado\Downloads\Compressed\ecossistema\node_modules\@babel\parser\lib\index.js:4667:28)
      at TypeScriptParserMixin.jsxParseOpeningElementAfterName (C:\Users\Paulo Prado\Downloads\Compressed\ecossistema\node_modules\@babel\parser\lib\index.js:10043:18)
      at TypeScriptParserMixin.jsxParseOpeningElementAt (C:\Users\Paulo Prado\Downloads\Compressed\ecossistema\node_modules\@babel\parser\lib\index.js:4662:17)
      at TypeScriptParserMixin.jsxParseElementAt (C:\Users\Paulo Prado\Downloads\Compressed\ecossistema\node_modules\@babel\parser\lib\index.js:4686:33)
      at TypeScriptParserMixin.jsxParseElementAt (C:\Users\Paulo Prado\Downloads\Compressed\ecossistema\node_modules\@babel\parser\lib\index.js:4698:32)
      at TypeScriptParserMixin.jsxParseElementAt (C:\Users\Paulo Prado\Downloads\Compressed\ecossistema\node_modules\@babel\parser\lib\index.js:4698:32)
      at TypeScriptParserMixin.jsxParseElement (C:\Users\Paulo Prado\Downloads\Compressed\ecossistema\node_modules\@babel\parser\lib\index.js:4749:17)
      at TypeScriptParserMixin.parseExprAtom (C:\Users\Paulo Prado\Downloads\Compressed\ecossistema\node_modules\@babel\parser\lib\index.js:4759:19)
      at TypeScriptParserMixin.parseExprSubscripts (C:\Users\Paulo Prado\Downloads\Compressed\ecossistema\node_modules\@babel\parser\lib\index.js:11081:23)
      at TypeScriptParserMixin.parseUpdate (C:\Users\Paulo Prado\Downloads\Compressed\ecossistema\node_modules\@babel\parser\lib\index.js:11066:21)
      at TypeScriptParserMixin.parseMaybeUnary (C:\Users\Paulo Prado\Downloads\Compressed\ecossistema\node_modules\@babel\parser\lib\index.js:11046:23)
      at TypeScriptParserMixin.parseMaybeUnary (C:\Users\Paulo Prado\Downloads\Compressed\ecossistema\node_modules\@babel\parser\lib\index.js:9837:18)
      at TypeScriptParserMixin.parseMaybeUnaryOrPrivate (C:\Users\Paulo Prado\Downloads\Compressed\ecossistema\node_modules\@babel\parser\lib\index.js:10899:61)
      at TypeScriptParserMixin.parseExprOps (C:\Users\Paulo Prado\Downloads\Compressed\ecossistema\node_modules\@babel\parser\lib\index.js:10904:23)
      at TypeScriptParserMixin.parseMaybeConditional (C:\Users\Paulo Prado\Downloads\Compressed\ecossistema\node_modules\@babel\parser\lib\index.js:10881:23)
      at TypeScriptParserMixin.parseMaybeAssign (C:\Users\Paulo Prado\Downloads\Compressed\ecossistema\node_modules\@babel\parser\lib\index.js:10831:21)
      at C:\Users\Paulo Prado\Downloads\Compressed\ecossistema\node_modules\@babel\parser\lib\index.js:9775:39
      at TypeScriptParserMixin.tryParse (C:\Users\Paulo Prado\Downloads\Compressed\ecossistema\node_modules\@babel\parser\lib\index.js:6907:20)
      at TypeScriptParserMixin.parseMaybeAssign (C:\Users\Paulo Prado\Downloads\Compressed\ecossistema\node_modules\@babel\parser\lib\index.js:9775:18)
      at C:\Users\Paulo Prado\Downloads\Compressed\ecossistema\node_modules\@babel\parser\lib\index.js:10800:39
      at TypeScriptParserMixin.allowInAnd (C:\Users\Paulo Prado\Downloads\Compressed\ecossistema\node_modules\@babel\parser\lib\index.js:12426:12)
      at TypeScriptParserMixin.parseMaybeAssignAllowIn (C:\Users\Paulo Prado\Downloads\Compressed\ecossistema\node_modules\@babel\parser\lib\index.js:10800:17)
      at TypeScriptParserMixin.parseMaybeAssignAllowInOrVoidPattern (C:\Users\Paulo Prado\Downloads\Compressed\ecossistema\node_modules\@babel\parser\lib\index.js:12493:17)
      at TypeScriptParserMixin.parseParenAndDistinguishExpression (C:\Users\Paulo Prado\Downloads\Compressed\ecossistema\node_modules\@babel\parser\lib\index.js:11675:28)
      at TypeScriptParserMixin.parseExprAtom (C:\Users\Paulo Prado\Downloads\Compressed\ecossistema\node_modules\@babel\parser\lib\index.js:11331:23)
      at TypeScriptParserMixin.parseExprAtom (C:\Users\Paulo Prado\Downloads\Compressed\ecossistema\node_modules\@babel\parser\lib\index.js:4764:20)
      at TypeScriptParserMixin.parseExprSubscripts (C:\Users\Paulo Prado\Downloads\Compressed\ecossistema\node_modules\@babel\parser\lib\index.js:11081:23)
      at TypeScriptParserMixin.parseUpdate (C:\Users\Paulo Prado\Downloads\Compressed\ecossistema\node_modules\@babel\parser\lib\index.js:11066:21)
      at TypeScriptParserMixin.parseMaybeUnary (C:\Users\Paulo Prado\Downloads\Compressed\ecossistema\node_modules\@babel\parser\lib\index.js:11046:23)
      at TypeScriptParserMixin.parseMaybeUnary (C:\Users\Paulo Prado\Downloads\Compressed\ecossistema\node_modules\@babel\parser\lib\index.js:9837:18)
      at TypeScriptParserMixin.parseMaybeUnaryOrPrivate (C:\Users\Paulo Prado\Downloads\Compressed\ecossistema\node_modules\@babel\parser\lib\index.js:10899:61)
      at TypeScriptParserMixin.parseExprOps (C:\Users\Paulo Prado\Downloads\Compressed\ecossistema\node_modules\@babel\parser\lib\index.js:10904:23)
      at TypeScriptParserMixin.parseMaybeConditional (C:\Users\Paulo Prado\Downloads\Compressed\ecossistema\node_modules\@babel\parser\lib\index.js:10881:23)
      at TypeScriptParserMixin.parseMaybeAssign (C:\Users\Paulo Prado\Downloads\Compressed\ecossistema\node_modules\@babel\parser\lib\index.js:10831:21)
      at TypeScriptParserMixin.parseMaybeAssign (C:\Users\Paulo Prado\Downloads\Compressed\ecossistema\node_modules\@babel\parser\lib\index.js:9786:20)
      at TypeScriptParserMixin.parseExpressionBase (C:\Users\Paulo Prado\Downloads\Compressed\ecossistema\node_modules\@babel\parser\lib\index.js:10784:23)
      at C:\Users\Paulo Prado\Downloads\Compressed\ecossistema\node_modules\@babel\parser\lib\index.js:10780:39
      at TypeScriptParserMixin.allowInAnd (C:\Users\Paulo Prado\Downloads\Compressed\ecossistema\node_modules\@babel\parser\lib\index.js:12421:16)
      at TypeScriptParserMixin.parseExpression (C:\Users\Paulo Prado\Downloads\Compressed\ecossistema\node_modules\@babel\parser\lib\index.js:10780:17)
      at TypeScriptParserMixin.parseReturnStatement (C:\Users\Paulo Prado\Downloads\Compressed\ecossistema\node_modules\@babel\parser\lib\index.js:13142:28)
      at TypeScriptParserMixin.parseStatementContent (C:\Users\Paulo Prado\Downloads\Compressed\ecossistema\node_modules\@babel\parser\lib\index.js:12798:21)
      at TypeScriptParserMixin.parseStatementContent (C:\Users\Paulo Prado\Downloads\Compressed\ecossistema\node_modules\@babel\parser\lib\index.js:9508:18)
      at TypeScriptParserMixin.parseStatementLike (C:\Users\Paulo Prado\Downloads\Compressed\ecossistema\node_modules\@babel\parser\lib\index.js:12767:17)
      at TypeScriptParserMixin.parseStatementListItem (C:\Users\Paulo Prado\Downloads\Compressed\ecossistema\node_modules\@babel\parser\lib\index.js:12747:17)
